<?xml version="1.0" encoding="UTF-8"?>
<!-- Generated by org.testng.reporters.JUnitXMLReporter -->
<testsuite ignored="0" hostname="HSL-LPT168" failures="0" tests="6" name="Default test" time="118.74" errors="0" timestamp="2023-02-27T01:09:47 ACDT">
  <testcase classname="testScenarios.Testcases" name="navigate_to_contactUs_check_Insuite_enroll_top" time="15.963"/>
  <testcase classname="testScenarios.Testcases" name="navigate_to_homepage_verify_on_acqire_hyperlink" time="0.071"/>
  <testcase classname="testScenarios.Testcases" name="navigate_to_newsroom_dismiss_alert_and_collect_CategoryDropdown_options" time="26.575"/>
  <testcase classname="testScenarios.Testcases" name="verify_on_eventsbookings" time="9.449"/>
  <testcase classname="testScenarios.Testcases" name="verify_on_newsroom" time="7.749"/>
  <testcase classname="testScenarios.Testcases" name="verify_on_requestsupport" time="12.336"/>
</testsuite> <!-- Default test -->
